0 info it worked if it ends with ok
1 verbose cli [ 'node', '/usr/local/bin/npm', 'install', '-g', 'phonegap' ]
2 info using npm@2.5.1
3 info using node@v0.12.0
4 silly cache add args [ 'phonegap', null ]
5 verbose cache add spec phonegap
6 silly cache add parsed spec { raw: 'phonegap',
6 silly cache add   scope: null,
6 silly cache add   name: 'phonegap',
6 silly cache add   rawSpec: '',
6 silly cache add   spec: '*',
6 silly cache add   type: 'range' }
7 verbose addNamed phonegap@*
8 silly addNamed semver.valid null
9 silly addNamed semver.validRange *
10 silly addNameRange { name: 'phonegap', range: '*', hasData: false }
11 silly mapToRegistry name phonegap
12 silly mapToRegistry using default registry
13 silly mapToRegistry registry https://registry.npmjs.org/
14 silly mapToRegistry uri https://registry.npmjs.org/phonegap
15 verbose addNameRange registry:https://registry.npmjs.org/phonegap not in flight; fetching
16 verbose request uri https://registry.npmjs.org/phonegap
17 verbose request no auth needed
18 info attempt registry request try #1 at 5:58:23 PM
19 verbose request id 9afc73b19f91fe0d
20 verbose etag "DXGAOQBEATNQN97J7VP2FHCRT"
21 http request GET https://registry.npmjs.org/phonegap
22 http 304 https://registry.npmjs.org/phonegap
23 silly get cb [ 304,
23 silly get   { date: 'Wed, 25 Feb 2015 12:13:25 GMT',
23 silly get     server: 'Apache',
23 silly get     via: '1.1 varnish',
23 silly get     'last-modified': 'Wed, 25 Feb 2015 12:13:25 GMT',
23 silly get     'cache-control': 'max-age=60',
23 silly get     etag: '"DXGAOQBEATNQN97J7VP2FHCRT"',
23 silly get     age: '0',
23 silly get     'x-served-by': 'cache-sn88-SIN',
23 silly get     'x-cache': 'HIT',
23 silly get     'x-cache-hits': '1',
23 silly get     'x-timer': 'S1424866405.273601,VS0,VE248',
23 silly get     vary: 'Accept',
23 silly get     'content-length': '0',
23 silly get     'keep-alive': 'timeout=10, max=50',
23 silly get     connection: 'Keep-Alive' } ]
24 verbose etag https://registry.npmjs.org/phonegap from cache
25 verbose get saving phonegap to /Users/nepaldigital/.npm/registry.npmjs.org/phonegap/.cache.json
26 silly addNameRange number 2 { name: 'phonegap', range: '*', hasData: true }
27 silly addNameRange versions [ 'phonegap',
27 silly addNameRange   [ '0.2.0',
27 silly addNameRange     '0.2.1',
27 silly addNameRange     '0.2.2',
27 silly addNameRange     '0.3.0',
27 silly addNameRange     '0.4.0',
27 silly addNameRange     '0.4.1',
27 silly addNameRange     '0.5.0',
27 silly addNameRange     '0.6.0',
27 silly addNameRange     '0.6.1',
27 silly addNameRange     '0.7.0',
27 silly addNameRange     '0.7.1',
27 silly addNameRange     '0.7.2',
27 silly addNameRange     '0.7.3',
27 silly addNameRange     '0.7.4',
27 silly addNameRange     '0.7.5',
27 silly addNameRange     '0.7.6',
27 silly addNameRange     '0.7.7',
27 silly addNameRange     '0.7.8',
27 silly addNameRange     '0.8.0',
27 silly addNameRange     '0.8.1',
27 silly addNameRange     '0.9.0',
27 silly addNameRange     '0.9.1',
27 silly addNameRange     '0.9.2',
27 silly addNameRange     '0.9.3',
27 silly addNameRange     '0.9.4',
27 silly addNameRange     '2.8.0-0.10.0',
27 silly addNameRange     '2.8.0-0.10.1',
27 silly addNameRange     '2.8.0-0.10.2',
27 silly addNameRange     '2.8.0-0.10.3',
27 silly addNameRange     '2.8.0-0.10.4',
27 silly addNameRange     '2.8.0-0.10.6',
27 silly addNameRange     '2.8.1-0.11.0',
27 silly addNameRange     '2.9.0-0.12.2',
27 silly addNameRange     '2.9.0-0.12.3',
27 silly addNameRange     '2.9.0-0.12.4',
27 silly addNameRange     '2.9.0-0.12.5',
27 silly addNameRange     '2.9.0-0.12.6',
27 silly addNameRange     '2.9.0-0.12.7',
27 silly addNameRange     '2.9.0-0.12.8',
27 silly addNameRange     '2.9.0-rc1-0.12.0',
27 silly addNameRange     '2.9.0-rc1-0.12.1',
27 silly addNameRange     '2.9.0-rc1-0.12.2',
27 silly addNameRange     '2.9.0-0.12.9',
27 silly addNameRange     '2.9.0-0.12.10',
27 silly addNameRange     '2.9.0-0.12.11',
27 silly addNameRange     '2.9.0-0.13.0',
27 silly addNameRange     '2.9.0-0.13.1',
27 silly addNameRange     '2.9.0-0.13.2',
27 silly addNameRange     '3.0.0-rc1-0.13.2',
27 silly addNameRange     '3.0.0-rc1-0.13.3',
27 silly addNameRange     '3.0.0-0.14.0',
27 silly addNameRange     '3.0.0-0.14.1',
27 silly addNameRange     '3.0.0-0.14.2',
27 silly addNameRange     '3.0.0-0.14.3',
27 silly addNameRange     '3.0.0-0.14.4',
27 silly addNameRange     '3.1.0-0.15.0',
27 silly addNameRange     '3.2.0-0.15.0',
27 silly addNameRange     '3.2.0-0.16.0',
27 silly addNameRange     '3.2.0-0.17.0',
27 silly addNameRange     '3.2.0-0.17.1',
27 silly addNameRange     '3.3.0-0.17.1',
27 silly addNameRange     '3.3.0-0.18.0',
27 silly addNameRange     '3.3.0-0.18.1',
27 silly addNameRange     '3.3.0-0.19.0',
27 silly addNameRange     '3.3.0-0.19.1',
27 silly addNameRange     '3.3.0-0.19.2',
27 silly addNameRange     '3.3.0-0.19.3',
27 silly addNameRange     '3.3.0-0.19.4',
27 silly addNameRange     '3.3.0-0.19.5',
27 silly addNameRange     '3.3.0-0.19.6',
27 silly addNameRange     '3.4.0-0.19.7',
27 silly addNameRange     '3.4.0-0.19.8',
27 silly addNameRange     '3.4.0-0.19.9',
27 silly addNameRange     '3.4.0-0.19.10',
27 silly addNameRange     '3.4.0-0.19.11',
27 silly addNameRange     '3.4.0-0.19.12',
27 silly addNameRange     '3.4.0-0.19.13',
27 silly addNameRange     '3.4.0-0.19.14',
27 silly addNameRange     '3.4.0-0.19.15',
27 silly addNameRange     '3.4.0-0.19.16',
27 silly addNameRange     '3.4.0-0.19.17',
27 silly addNameRange     '3.4.0-0.19.18',
27 silly addNameRange     '3.4.0-0.19.19',
27 silly addNameRange     '3.4.0-0.19.20',
27 silly addNameRange     '3.4.0-0.19.21',
27 silly addNameRange     '3.4.0-0.20.0',
27 silly addNameRange     '3.5.0-0.19.23',
27 silly addNameRange     '3.5.0-0.20.0',
27 silly addNameRange     '3.5.0-0.20.1',
27 silly addNameRange     '3.5.0-0.20.3',
27 silly addNameRange     '3.5.0-0.20.4',
27 silly addNameRange     '3.5.0-0.20.5',
27 silly addNameRange     '3.5.0-0.20.6',
27 silly addNameRange     '3.5.0-0.20.7',
27 silly addNameRange     '3.5.0-0.20.9',
27 silly addNameRange     '3.5.0-0.20.10',
27 silly addNameRange     '3.5.0-0.20.14',
27 silly addNameRange     '3.5.0-0.21.14',
27 silly addNameRange     '3.5.0-0.21.15',
27 silly addNameRange     '3.5.0-0.21.16',
27 silly addNameRange     '3.5.0-0.21.17',
27 silly addNameRange     '3.5.0-0.21.18',
27 silly addNameRange     '3.6.0-0.21.18',
27 silly addNameRange     '3.6.0-0.21.19',
27 silly addNameRange     '3.6.3-0.22.0',
27 silly addNameRange     '3.6.3-0.22.1',
27 silly addNameRange     '3.6.3-0.22.2',
27 silly addNameRange     '3.6.3-0.22.3',
27 silly addNameRange     '3.6.3-0.22.4',
27 silly addNameRange     '3.6.3-0.22.5',
27 silly addNameRange     '3.6.3-0.22.6',
27 silly addNameRange     '3.6.3-0.22.7',
27 silly addNameRange     '4.0.0-0.22.7',
27 silly addNameRange     '4.1.2-0.22.7',
27 silly addNameRange     '4.1.2-0.22.8',
27 silly addNameRange     '4.1.2-0.22.9',
27 silly addNameRange     '4.1.2-0.22.10',
27 silly addNameRange     '4.1.2-0.22.11',
27 silly addNameRange     '4.1.2-0.22.12',
27 silly addNameRange     '4.2.0-0.23.0',
27 silly addNameRange     '4.2.0-0.24.0',
27 silly addNameRange     '4.2.0-0.24.1',
27 silly addNameRange     '4.2.0-0.24.2' ] ]
28 verbose addNamed phonegap@4.2.0-0.24.2
29 silly addNamed semver.valid 4.2.0-0.24.2
30 silly addNamed semver.validRange 4.2.0-0.24.2
31 silly cache afterAdd phonegap@4.2.0-0.24.2
32 verbose afterAdd /Users/nepaldigital/.npm/phonegap/4.2.0-0.24.2/package/package.json not in flight; writing
33 verbose afterAdd /Users/nepaldigital/.npm/phonegap/4.2.0-0.24.2/package/package.json written
34 silly install resolved [ { name: 'phonegap',
34 silly install resolved     description: 'PhoneGap command-line interface and node.js library.',
34 silly install resolved     version: '4.2.0-0.24.2',
34 silly install resolved     homepage: 'http://github.com/phonegap/phonegap-cli',
34 silly install resolved     repository:
34 silly install resolved      { type: 'git',
34 silly install resolved        url: 'git://github.com/phonegap/phonegap-cli.git' },
34 silly install resolved     keywords:
34 silly install resolved      [ 'cli',
34 silly install resolved        'cordova',
34 silly install resolved        'phonegap',
34 silly install resolved        'phonegap build',
34 silly install resolved        'phonegap/build' ],
34 silly install resolved     preferGlobal: 'true',
34 silly install resolved     main: './lib/main.js',
34 silly install resolved     bin: { phonegap: './bin/phonegap.js' },
34 silly install resolved     scripts: { test: 'jasmine-node --color spec' },
34 silly install resolved     engineStrict: 'true',
34 silly install resolved     engines: { node: '>=0.10.0' },
34 silly install resolved     dependencies:
34 silly install resolved      { colors: '0.6.0-1',
34 silly install resolved        'connect-phonegap': '0.14.8',
34 silly install resolved        cordova: '4.2.0',
34 silly install resolved        minimist: '0.1.0',
34 silly install resolved        'phonegap-build': '0.9.1',
34 silly install resolved        pluralize: '0.0.4',
34 silly install resolved        prompt: '0.2.11',
34 silly install resolved        'qrcode-terminal': '0.9.4',
34 silly install resolved        semver: '1.1.0',
34 silly install resolved        shelljs: '0.1.4' },
34 silly install resolved     devDependencies: { 'jasmine-node': '1.14.5', chdir: '0.0.x' },
34 silly install resolved     optionalDependencies: {},
34 silly install resolved     contributors: [ [Object], [Object], [Object], [Object] ],
34 silly install resolved     templates:
34 silly install resolved      { blank: [Object],
34 silly install resolved        'hello-world': [Object],
34 silly install resolved        'hello-cordova': [Object] },
34 silly install resolved     gitHead: '9b6722c4cd1b5ead91cc7df013c705fafdaa7dfb',
34 silly install resolved     bugs: { url: 'https://github.com/phonegap/phonegap-cli/issues' },
34 silly install resolved     _id: 'phonegap@4.2.0-0.24.2',
34 silly install resolved     _shasum: '61d2fdc1392d60c04cda40662314bfa8521eef5a',
34 silly install resolved     _from: 'phonegap@*',
34 silly install resolved     _npmVersion: '2.1.8',
34 silly install resolved     _nodeVersion: '0.10.26',
34 silly install resolved     _npmUser: { name: 'mwbrooks', email: 'michael@michaelbrooks.ca' },
34 silly install resolved     maintainers: [ [Object], [Object], [Object] ],
34 silly install resolved     dist:
34 silly install resolved      { shasum: '61d2fdc1392d60c04cda40662314bfa8521eef5a',
34 silly install resolved        tarball: 'http://registry.npmjs.org/phonegap/-/phonegap-4.2.0-0.24.2.tgz' },
34 silly install resolved     directories: {},
34 silly install resolved     _resolved: 'https://registry.npmjs.org/phonegap/-/phonegap-4.2.0-0.24.2.tgz',
34 silly install resolved     readme: 'ERROR: No README data found!' } ]
35 info install phonegap@4.2.0-0.24.2 into /usr/local/lib
36 info installOne phonegap@4.2.0-0.24.2
37 verbose installOne of phonegap to /usr/local/lib not in flight; installing
38 warn locking Error: EACCES, open '/Users/nepaldigital/.npm/_locks/phonegap-e2bb9ce47409f16e.lock.STALE'
38 warn locking     at Error (native)
38 warn locking  /Users/nepaldigital/.npm/_locks/phonegap-e2bb9ce47409f16e.lock failed { [Error: EACCES, open '/Users/nepaldigital/.npm/_locks/phonegap-e2bb9ce47409f16e.lock.STALE']
38 warn locking   errno: -13,
38 warn locking   code: 'EACCES',
38 warn locking   path: '/Users/nepaldigital/.npm/_locks/phonegap-e2bb9ce47409f16e.lock.STALE' }
39 verbose stack Error: Attempt to unlock /usr/local/lib/node_modules/phonegap, which hasn't been locked
39 verbose stack     at unlock (/usr/local/lib/node_modules/npm/lib/utils/locker.js:66:11)
39 verbose stack     at cb (/usr/local/lib/node_modules/npm/lib/install.js:929:5)
39 verbose stack     at /usr/local/lib/node_modules/npm/lib/install.js:933:20
39 verbose stack     at /usr/local/lib/node_modules/npm/lib/utils/locker.js:40:9
39 verbose stack     at cb (/usr/local/lib/node_modules/npm/node_modules/lockfile/lockfile.js:149:38)
39 verbose stack     at /usr/local/lib/node_modules/npm/node_modules/lockfile/lockfile.js:227:24
39 verbose stack     at /usr/local/lib/node_modules/npm/node_modules/lockfile/lockfile.js:177:38
39 verbose stack     at FSReqWrap.oncomplete (fs.js:99:15)
40 verbose cwd /Users/nepaldigital/Documents/Railsproject/nepaladvisor/NepalAdvisor
41 error Darwin 14.1.0
42 error argv "node" "/usr/local/bin/npm" "install" "-g" "phonegap"
43 error node v0.12.0
44 error npm  v2.5.1
45 error Attempt to unlock /usr/local/lib/node_modules/phonegap, which hasn't been locked
46 error If you need help, you may report this error at:
46 error     <http://github.com/npm/npm/issues>
47 verbose exit [ 1, true ]
